<?xml version="1.0" encoding="UTF-8"?>
<!-- Generated by org.testng.reporters.JUnitReportReporter -->
<testsuite skipped="0" hostname="ashish" name="com.scripts.actitime.TestActitime" tests="1" failures="0" timestamp="02 Oct 2020 06:12:09 GMT" time="39.112" errors="0">
  <testcase name="login" time="39.112" classname="com.scripts.actitime.TestActitime"/>
</testsuite> <!-- com.scripts.actitime.TestActitime -->
